c:\users\mertt\desktop\personalengineproject\personalengineproject\personal.879bc50a\x64\debug\vc143.pdb
c:\users\mertt\desktop\personalengineproject\personalengineproject\personal.879bc50a\x64\debug\vc143.idb
c:\users\mertt\desktop\personalengineproject\personalengineproject\personal.879bc50a\x64\debug\glad.obj
c:\users\mertt\desktop\personalengineproject\personalengineproject\personal.879bc50a\x64\debug\main.obj
c:\users\mertt\desktop\personalengineproject\personalengineproject\personal.879bc50a\x64\debug\shader.obj
c:\users\mertt\desktop\personalengineproject\personalengineproject\personal.879bc50a\x64\debug\vbo.obj
c:\users\mertt\desktop\personalengineproject\personalengineproject\personal.879bc50a\x64\debug\vao.obj
c:\users\mertt\desktop\personalengineproject\personalengineproject\personal.879bc50a\x64\debug\inputsystem.obj
c:\users\mertt\desktop\personalengineproject\personalengineproject\personal.879bc50a\x64\debug\movementsystem.obj
c:\users\mertt\desktop\personalengineproject\personalengineproject\personal.879bc50a\x64\debug\staticmesh.obj
c:\users\mertt\desktop\personalengineproject\personalengineproject\x64\debug\personalengineproject.exe
c:\users\mertt\desktop\personalengineproject\personalengineproject\x64\debug\personalengineproject.pdb
c:\users\mertt\desktop\personalengineproject\personalengineproject\personal.879bc50a\x64\debug\personalengineproject.ilk
c:\users\mertt\desktop\personalengineproject\personalengineproject\personal.879bc50a\x64\debug\main.obj.enc
c:\users\mertt\desktop\personalengineproject\personalengineproject\personal.879bc50a\x64\debug\personal.879bc50a.tlog\cl.command.1.tlog
c:\users\mertt\desktop\personalengineproject\personalengineproject\personal.879bc50a\x64\debug\personal.879bc50a.tlog\cl.items.tlog
c:\users\mertt\desktop\personalengineproject\personalengineproject\personal.879bc50a\x64\debug\personal.879bc50a.tlog\cl.read.1.tlog
c:\users\mertt\desktop\personalengineproject\personalengineproject\personal.879bc50a\x64\debug\personal.879bc50a.tlog\cl.write.1.tlog
c:\users\mertt\desktop\personalengineproject\personalengineproject\personal.879bc50a\x64\debug\personal.879bc50a.tlog\link.command.1.tlog
c:\users\mertt\desktop\personalengineproject\personalengineproject\personal.879bc50a\x64\debug\personal.879bc50a.tlog\link.read.1.tlog
c:\users\mertt\desktop\personalengineproject\personalengineproject\personal.879bc50a\x64\debug\personal.879bc50a.tlog\link.secondary.1.tlog
c:\users\mertt\desktop\personalengineproject\personalengineproject\personal.879bc50a\x64\debug\personal.879bc50a.tlog\link.write.1.tlog
