  Building Custom Rule C:/Users/mertt/Desktop/OpenGlProject/glfw-3.4/src/CMakeLists.txt
  context.c
  init.c
  input.c
  monitor.c
  platform.c
  vulkan.c
  window.c
  egl_context.c
  osmesa_context.c
  null_init.c
  null_monitor.c
  null_window.c
  null_joystick.c
  win32_module.c
  win32_time.c
  win32_thread.c
  win32_init.c
  win32_joystick.c
  win32_monitor.c
  win32_window.c
  Kod Üretiliyor...
  Derleniyor...
  wgl_context.c
  Kod Üretiliyor...
  glfw.vcxproj -> C:\Users\mertt\Desktop\OpenGlProject\glfw-3.4\build\src\Debug\glfw3.lib
